
Showing logs for build [32msalaboy-environment-jx-salaboy-5bjc8-1[0m stage [32mfrom-build-pack[0m and container [32mcredential-initializer[0m
{"level":"info","ts":1596126156.3270388,"caller":"creds-init/main.go:44","msg":"Credentials initialized."}

Showing logs for build [32msalaboy-environment-jx-salaboy-5bjc8-1[0m stage [32mfrom-build-pack[0m and container [32mworking-dir-initializer[0m

Showing logs for build [32msalaboy-environment-jx-salaboy-5bjc8-1[0m stage [32mfrom-build-pack[0m and container [32mplace-tools[0m

Showing logs for build [32msalaboy-environment-jx-salaboy-5bjc8-1[0m stage [32mfrom-build-pack[0m and container [32mstep-git-source-salaboy-environment-jx-salaboy-5bjc8-stgv9[0m
{"level":"info","ts":1596126165.5389323,"caller":"git/git.go:105","msg":"Successfully cloned https://github.com/*******/environment-**-*******-staging.git @ master in path /workspace/source"}
{"level":"warn","ts":1596126165.539071,"caller":"git/git.go:152","msg":"Unexpected error: creating symlink: symlink /tekton/home/.ssh /root/.ssh: file exists"}
{"level":"info","ts":1596126165.5936954,"caller":"git/git.go:133","msg":"Successfully initialized and updated submodules in path /workspace/source"}

Showing logs for build [32msalaboy-environment-jx-salaboy-5bjc8-1[0m stage [32mfrom-build-pack[0m and container [32mstep-setup-builder-home[0m

Showing logs for build [32msalaboy-environment-jx-salaboy-5bjc8-1[0m stage [32mfrom-build-pack[0m and container [32mstep-git-merge[0m
Using SHAs from PULL_REFS=master:939678ca345898d157e5a49b84bab4f79695fc66,14:1bd321a2a7b718955bd521ea1f2b1ff205d9b39c
DEBUG: LC_ALL=C JX_LOG_LEVEL=error git fetch origin --unshallow 1bd321a2a7b718955bd521ea1f2b1ff205d9b39c: 939678ca345898d157e5a49b84bab4f79695fc66:
DEBUG: ran git fetch --unshallow origin 1bd321a2a7b718955bd521ea1f2b1ff205d9b39c: 939678ca345898d157e5a49b84bab4f79695fc66: in 
DEBUG: LC_ALL=C JX_LOG_LEVEL=error git branch
DEBUG: LC_ALL=C JX_LOG_LEVEL=error git checkout master
DEBUG: ran git checkout master in 
DEBUG: LC_ALL=C JX_LOG_LEVEL=error git reset --hard 939678ca345898d157e5a49b84bab4f79695fc66
DEBUG: ran git reset --hard 939678ca345898d157e5a49b84bab4f79695fc66 in 
DEBUG: LC_ALL=C JX_LOG_LEVEL=error git clean -fd .
DEBUG: ran clean --force -d . in 
DEBUG: LC_ALL=C JX_LOG_LEVEL=error git merge 1bd321a2a7b718955bd521ea1f2b1ff205d9b39c
DEBUG: ran git merge 1bd321a2a7b718955bd521ea1f2b1ff205d9b39c in 
DEBUG: LC_ALL=C JX_LOG_LEVEL=error git log --format=%H%x1f%an%x1f%ae%x1f%cn%x1f%ce%x1f%s%n%b%x1e 939678ca345898d157e5a49b84bab4f79695fc66..HEAD
Merged SHA 1bd321a2a7b718955bd521ea1f2b1ff205d9b39c with commit message 'chore: Promote customers-service to version 0.0.1' into base branch master

Showing logs for build [32msalaboy-environment-jx-salaboy-5bjc8-1[0m stage [32mfrom-build-pack[0m and container [32mstep-build-helm-build[0m
WARNING: No $CHART_REPOSITORY defined so using the default value of: http://jenkins-x-chartmuseum:8080
Adding missing Helm repo: storage.googleapis.com https://storage.googleapis.com/chartmuseum.jenkins-x.io
Successfully added Helm repository storage.googleapis.com.
Adding missing Helm repo: jenkins-x-chartmuseum http://jenkins-x-chartmuseum:8080
Successfully added Helm repository jenkins-x-chartmuseum.
WARNING: No $CHART_REPOSITORY defined so using the default value of: http://jenkins-x-chartmuseum:8080
Adding missing Helm repo: chartmuseum.jenkins-x.io http://chartmuseum.jenkins-x.io
Successfully added Helm repository chartmuseum.jenkins-x.io.
