
Showing logs for build [32msalaboy-environment-jx-salaboy-9g4gs-1[0m stage [32mfrom-build-pack[0m and container [32mcredential-initializer[0m
{"level":"info","ts":1595921100.7971547,"caller":"creds-init/main.go:44","msg":"Credentials initialized."}

Showing logs for build [32msalaboy-environment-jx-salaboy-9g4gs-1[0m stage [32mfrom-build-pack[0m and container [32mworking-dir-initializer[0m

Showing logs for build [32msalaboy-environment-jx-salaboy-9g4gs-1[0m stage [32mfrom-build-pack[0m and container [32mplace-tools[0m

Showing logs for build [32msalaboy-environment-jx-salaboy-9g4gs-1[0m stage [32mfrom-build-pack[0m and container [32mstep-git-source-salaboy-environment-jx-salaboy-9g4gs-pq4vp[0m
{"level":"info","ts":1595921108.963153,"caller":"git/git.go:105","msg":"Successfully cloned https://github.com/*******/environment-**-*******-staging.git @ master in path /workspace/source"}
{"level":"warn","ts":1595921108.9632778,"caller":"git/git.go:152","msg":"Unexpected error: creating symlink: symlink /tekton/home/.ssh /root/.ssh: file exists"}
{"level":"info","ts":1595921109.0096774,"caller":"git/git.go:133","msg":"Successfully initialized and updated submodules in path /workspace/source"}

Showing logs for build [32msalaboy-environment-jx-salaboy-9g4gs-1[0m stage [32mfrom-build-pack[0m and container [32mstep-setup-builder-home[0m

Showing logs for build [32msalaboy-environment-jx-salaboy-9g4gs-1[0m stage [32mfrom-build-pack[0m and container [32mstep-git-merge[0m
Using SHAs from PULL_REFS=master:5e7b56126c74298654e9c6f6e4cfb88519198109,13:4b7fcca2056a9d6f2ea04f2cdf946fd0aaae484d
DEBUG: LC_ALL=C JX_LOG_LEVEL=error git fetch origin --unshallow 4b7fcca2056a9d6f2ea04f2cdf946fd0aaae484d: 5e7b56126c74298654e9c6f6e4cfb88519198109:
DEBUG: ran git fetch --unshallow origin 4b7fcca2056a9d6f2ea04f2cdf946fd0aaae484d: 5e7b56126c74298654e9c6f6e4cfb88519198109: in 
DEBUG: LC_ALL=C JX_LOG_LEVEL=error git branch
DEBUG: LC_ALL=C JX_LOG_LEVEL=error git checkout master
DEBUG: ran git checkout master in 
DEBUG: LC_ALL=C JX_LOG_LEVEL=error git reset --hard 5e7b56126c74298654e9c6f6e4cfb88519198109
DEBUG: ran git reset --hard 5e7b56126c74298654e9c6f6e4cfb88519198109 in 
DEBUG: JX_LOG_LEVEL=error LC_ALL=C git clean -fd .
DEBUG: ran clean --force -d . in 
DEBUG: LC_ALL=C JX_LOG_LEVEL=error git merge 4b7fcca2056a9d6f2ea04f2cdf946fd0aaae484d
DEBUG: ran git merge 4b7fcca2056a9d6f2ea04f2cdf946fd0aaae484d in 
DEBUG: LC_ALL=C JX_LOG_LEVEL=error git log --format=%H%x1f%an%x1f%ae%x1f%cn%x1f%ce%x1f%s%n%b%x1e 5e7b56126c74298654e9c6f6e4cfb88519198109..HEAD
Merged SHA 4b7fcca2056a9d6f2ea04f2cdf946fd0aaae484d with commit message 'chore: Promote online-store to version 0.0.11' into base branch master

Showing logs for build [32msalaboy-environment-jx-salaboy-9g4gs-1[0m stage [32mfrom-build-pack[0m and container [32mstep-build-helm-build[0m
WARNING: No $CHART_REPOSITORY defined so using the default value of: http://jenkins-x-chartmuseum:8080
Adding missing Helm repo: storage.googleapis.com https://storage.googleapis.com/chartmuseum.jenkins-x.io
Successfully added Helm repository storage.googleapis.com.
Adding missing Helm repo: jenkins-x-chartmuseum http://jenkins-x-chartmuseum:8080
Successfully added Helm repository jenkins-x-chartmuseum.
WARNING: No $CHART_REPOSITORY defined so using the default value of: http://jenkins-x-chartmuseum:8080
Adding missing Helm repo: chartmuseum.jenkins-x.io http://chartmuseum.jenkins-x.io
Successfully added Helm repository chartmuseum.jenkins-x.io.
