
Showing logs for build [32msalaboy-environment-jx-salaboy-7mpkp-1[0m stage [32mfrom-build-pack[0m and container [32mcredential-initializer[0m
{"level":"info","ts":1595863401.222833,"caller":"creds-init/main.go:44","msg":"Credentials initialized."}

Showing logs for build [32msalaboy-environment-jx-salaboy-7mpkp-1[0m stage [32mfrom-build-pack[0m and container [32mworking-dir-initializer[0m

Showing logs for build [32msalaboy-environment-jx-salaboy-7mpkp-1[0m stage [32mfrom-build-pack[0m and container [32mplace-tools[0m

Showing logs for build [32msalaboy-environment-jx-salaboy-7mpkp-1[0m stage [32mfrom-build-pack[0m and container [32mstep-git-source-salaboy-environment-jx-salaboy-7mpkp-9ql9l[0m
{"level":"info","ts":1595863408.2528348,"caller":"git/git.go:105","msg":"Successfully cloned https://github.com/*******/environment-**-*******-staging.git @ master in path /workspace/source"}
{"level":"warn","ts":1595863408.2529302,"caller":"git/git.go:152","msg":"Unexpected error: creating symlink: symlink /tekton/home/.ssh /root/.ssh: file exists"}
{"level":"info","ts":1595863408.2915802,"caller":"git/git.go:133","msg":"Successfully initialized and updated submodules in path /workspace/source"}

Showing logs for build [32msalaboy-environment-jx-salaboy-7mpkp-1[0m stage [32mfrom-build-pack[0m and container [32mstep-setup-builder-home[0m

Showing logs for build [32msalaboy-environment-jx-salaboy-7mpkp-1[0m stage [32mfrom-build-pack[0m and container [32mstep-git-merge[0m
Using SHAs from PULL_REFS=master:d4bd239ec24884edae1fd40090c4e15b355b634c,8:eb6dad4373a3699150e5d6201ce9b3aefc851a32
DEBUG: LC_ALL=C JX_LOG_LEVEL=error git fetch origin --unshallow eb6dad4373a3699150e5d6201ce9b3aefc851a32: d4bd239ec24884edae1fd40090c4e15b355b634c:
DEBUG: ran git fetch --unshallow origin eb6dad4373a3699150e5d6201ce9b3aefc851a32: d4bd239ec24884edae1fd40090c4e15b355b634c: in 
DEBUG: LC_ALL=C JX_LOG_LEVEL=error git branch
DEBUG: LC_ALL=C JX_LOG_LEVEL=error git checkout master
DEBUG: ran git checkout master in 
DEBUG: JX_LOG_LEVEL=error LC_ALL=C git reset --hard d4bd239ec24884edae1fd40090c4e15b355b634c
DEBUG: ran git reset --hard d4bd239ec24884edae1fd40090c4e15b355b634c in 
DEBUG: LC_ALL=C JX_LOG_LEVEL=error git clean -fd .
DEBUG: ran clean --force -d . in 
DEBUG: LC_ALL=C JX_LOG_LEVEL=error git merge eb6dad4373a3699150e5d6201ce9b3aefc851a32
DEBUG: ran git merge eb6dad4373a3699150e5d6201ce9b3aefc851a32 in 
DEBUG: LC_ALL=C JX_LOG_LEVEL=error git log --format=%H%x1f%an%x1f%ae%x1f%cn%x1f%ce%x1f%s%n%b%x1e d4bd239ec24884edae1fd40090c4e15b355b634c..HEAD
Merged SHA eb6dad4373a3699150e5d6201ce9b3aefc851a32 with commit message 'chore: Promote products-service to version 0.0.1' into base branch master

Showing logs for build [32msalaboy-environment-jx-salaboy-7mpkp-1[0m stage [32mfrom-build-pack[0m and container [32mstep-build-helm-build[0m
WARNING: No $CHART_REPOSITORY defined so using the default value of: http://jenkins-x-chartmuseum:8080
Adding missing Helm repo: storage.googleapis.com https://storage.googleapis.com/chartmuseum.jenkins-x.io
Successfully added Helm repository storage.googleapis.com.
Adding missing Helm repo: jenkins-x-chartmuseum http://jenkins-x-chartmuseum:8080
Successfully added Helm repository jenkins-x-chartmuseum.
WARNING: No $CHART_REPOSITORY defined so using the default value of: http://jenkins-x-chartmuseum:8080
Adding missing Helm repo: chartmuseum.jenkins-x.io http://chartmuseum.jenkins-x.io
Successfully added Helm repository chartmuseum.jenkins-x.io.
