
Showing logs for build [32msalaboy-environment-jx-salaboy-26md9-1[0m stage [32mfrom-build-pack[0m and container [32mcredential-initializer[0m
{"level":"info","ts":1596126925.0002813,"caller":"creds-init/main.go:44","msg":"Credentials initialized."}

Showing logs for build [32msalaboy-environment-jx-salaboy-26md9-1[0m stage [32mfrom-build-pack[0m and container [32mworking-dir-initializer[0m

Showing logs for build [32msalaboy-environment-jx-salaboy-26md9-1[0m stage [32mfrom-build-pack[0m and container [32mplace-tools[0m

Showing logs for build [32msalaboy-environment-jx-salaboy-26md9-1[0m stage [32mfrom-build-pack[0m and container [32mstep-git-source-salaboy-environment-jx-salaboy-26md9-cq6xc[0m
{"level":"info","ts":1596126932.3836014,"caller":"git/git.go:105","msg":"Successfully cloned https://github.com/*******/environment-**-*******-staging.git @ master in path /workspace/source"}
{"level":"warn","ts":1596126932.3837876,"caller":"git/git.go:152","msg":"Unexpected error: creating symlink: symlink /tekton/home/.ssh /root/.ssh: file exists"}
{"level":"info","ts":1596126932.4395957,"caller":"git/git.go:133","msg":"Successfully initialized and updated submodules in path /workspace/source"}

Showing logs for build [32msalaboy-environment-jx-salaboy-26md9-1[0m stage [32mfrom-build-pack[0m and container [32mstep-setup-builder-home[0m

Showing logs for build [32msalaboy-environment-jx-salaboy-26md9-1[0m stage [32mfrom-build-pack[0m and container [32mstep-git-merge[0m
Using SHAs from PULL_REFS=master:998e43a8d49f6c720c3d04c6b5561ae563e0ce31,15:6427364628358692cd1bb90703db13e98624ae57
DEBUG: LC_ALL=C JX_LOG_LEVEL=error git fetch origin --unshallow 6427364628358692cd1bb90703db13e98624ae57: 998e43a8d49f6c720c3d04c6b5561ae563e0ce31:
DEBUG: ran git fetch --unshallow origin 6427364628358692cd1bb90703db13e98624ae57: 998e43a8d49f6c720c3d04c6b5561ae563e0ce31: in 
DEBUG: JX_LOG_LEVEL=error LC_ALL=C git branch
DEBUG: LC_ALL=C JX_LOG_LEVEL=error git checkout master
DEBUG: ran git checkout master in 
DEBUG: LC_ALL=C JX_LOG_LEVEL=error git reset --hard 998e43a8d49f6c720c3d04c6b5561ae563e0ce31
DEBUG: ran git reset --hard 998e43a8d49f6c720c3d04c6b5561ae563e0ce31 in 
DEBUG: LC_ALL=C JX_LOG_LEVEL=error git clean -fd .
DEBUG: ran clean --force -d . in 
DEBUG: LC_ALL=C JX_LOG_LEVEL=error git merge 6427364628358692cd1bb90703db13e98624ae57
DEBUG: ran git merge 6427364628358692cd1bb90703db13e98624ae57 in 
DEBUG: LC_ALL=C JX_LOG_LEVEL=error git log --format=%H%x1f%an%x1f%ae%x1f%cn%x1f%ce%x1f%s%n%b%x1e 998e43a8d49f6c720c3d04c6b5561ae563e0ce31..HEAD
Merged SHA 6427364628358692cd1bb90703db13e98624ae57 with commit message 'chore: Promote customers-service to version 0.0.2' into base branch master

Showing logs for build [32msalaboy-environment-jx-salaboy-26md9-1[0m stage [32mfrom-build-pack[0m and container [32mstep-build-helm-build[0m
WARNING: No $CHART_REPOSITORY defined so using the default value of: http://jenkins-x-chartmuseum:8080
Adding missing Helm repo: storage.googleapis.com https://storage.googleapis.com/chartmuseum.jenkins-x.io
Successfully added Helm repository storage.googleapis.com.
Adding missing Helm repo: jenkins-x-chartmuseum http://jenkins-x-chartmuseum:8080
Successfully added Helm repository jenkins-x-chartmuseum.
WARNING: No $CHART_REPOSITORY defined so using the default value of: http://jenkins-x-chartmuseum:8080
Adding missing Helm repo: chartmuseum.jenkins-x.io http://chartmuseum.jenkins-x.io
Successfully added Helm repository chartmuseum.jenkins-x.io.
