
Showing logs for build [32msalaboy-environment-jx-salaboy-2hfs2-1[0m stage [32mfrom-build-pack[0m and container [32mcredential-initializer[0m
{"level":"info","ts":1595863926.6173458,"caller":"creds-init/main.go:44","msg":"Credentials initialized."}

Showing logs for build [32msalaboy-environment-jx-salaboy-2hfs2-1[0m stage [32mfrom-build-pack[0m and container [32mworking-dir-initializer[0m

Showing logs for build [32msalaboy-environment-jx-salaboy-2hfs2-1[0m stage [32mfrom-build-pack[0m and container [32mplace-tools[0m

Showing logs for build [32msalaboy-environment-jx-salaboy-2hfs2-1[0m stage [32mfrom-build-pack[0m and container [32mstep-git-source-salaboy-environment-jx-salaboy-2hfs2-z5jdt[0m
{"level":"info","ts":1595863933.128486,"caller":"git/git.go:105","msg":"Successfully cloned https://github.com/*******/environment-**-*******-staging.git @ master in path /workspace/source"}
{"level":"warn","ts":1595863933.1286,"caller":"git/git.go:152","msg":"Unexpected error: creating symlink: symlink /tekton/home/.ssh /root/.ssh: file exists"}
{"level":"info","ts":1595863933.1664138,"caller":"git/git.go:133","msg":"Successfully initialized and updated submodules in path /workspace/source"}

Showing logs for build [32msalaboy-environment-jx-salaboy-2hfs2-1[0m stage [32mfrom-build-pack[0m and container [32mstep-setup-builder-home[0m

Showing logs for build [32msalaboy-environment-jx-salaboy-2hfs2-1[0m stage [32mfrom-build-pack[0m and container [32mstep-git-merge[0m
Using SHAs from PULL_REFS=master:44ef706fbc4634f404d619144b23b1d9a9624765,9:588c397c8758848508522a3c289b5d3d17bf6673
DEBUG: LC_ALL=C JX_LOG_LEVEL=error git fetch origin --unshallow 588c397c8758848508522a3c289b5d3d17bf6673: 44ef706fbc4634f404d619144b23b1d9a9624765:
DEBUG: ran git fetch --unshallow origin 588c397c8758848508522a3c289b5d3d17bf6673: 44ef706fbc4634f404d619144b23b1d9a9624765: in 
DEBUG: LC_ALL=C JX_LOG_LEVEL=error git branch
DEBUG: JX_LOG_LEVEL=error LC_ALL=C git checkout master
DEBUG: ran git checkout master in 
DEBUG: LC_ALL=C JX_LOG_LEVEL=error git reset --hard 44ef706fbc4634f404d619144b23b1d9a9624765
DEBUG: ran git reset --hard 44ef706fbc4634f404d619144b23b1d9a9624765 in 
DEBUG: LC_ALL=C JX_LOG_LEVEL=error git clean -fd .
DEBUG: ran clean --force -d . in 
DEBUG: LC_ALL=C JX_LOG_LEVEL=error git merge 588c397c8758848508522a3c289b5d3d17bf6673
DEBUG: ran git merge 588c397c8758848508522a3c289b5d3d17bf6673 in 
DEBUG: LC_ALL=C JX_LOG_LEVEL=error git log --format=%H%x1f%an%x1f%ae%x1f%cn%x1f%ce%x1f%s%n%b%x1e 44ef706fbc4634f404d619144b23b1d9a9624765..HEAD
Merged SHA 588c397c8758848508522a3c289b5d3d17bf6673 with commit message 'chore: Promote products-service to version 0.0.2' into base branch master

Showing logs for build [32msalaboy-environment-jx-salaboy-2hfs2-1[0m stage [32mfrom-build-pack[0m and container [32mstep-build-helm-build[0m
WARNING: No $CHART_REPOSITORY defined so using the default value of: http://jenkins-x-chartmuseum:8080
Adding missing Helm repo: storage.googleapis.com https://storage.googleapis.com/chartmuseum.jenkins-x.io
Successfully added Helm repository storage.googleapis.com.
Adding missing Helm repo: jenkins-x-chartmuseum http://jenkins-x-chartmuseum:8080
Successfully added Helm repository jenkins-x-chartmuseum.
WARNING: No $CHART_REPOSITORY defined so using the default value of: http://jenkins-x-chartmuseum:8080
Adding missing Helm repo: chartmuseum.jenkins-x.io http://chartmuseum.jenkins-x.io
Successfully added Helm repository chartmuseum.jenkins-x.io.
