
Showing logs for build [32msalaboy-environment-jx-salaboy-mf47n-1[0m stage [32mfrom-build-pack[0m and container [32mcredential-initializer[0m
{"level":"info","ts":1595330234.494398,"caller":"creds-init/main.go:44","msg":"Credentials initialized."}

Showing logs for build [32msalaboy-environment-jx-salaboy-mf47n-1[0m stage [32mfrom-build-pack[0m and container [32mworking-dir-initializer[0m

Showing logs for build [32msalaboy-environment-jx-salaboy-mf47n-1[0m stage [32mfrom-build-pack[0m and container [32mplace-tools[0m

Showing logs for build [32msalaboy-environment-jx-salaboy-mf47n-1[0m stage [32mfrom-build-pack[0m and container [32mstep-git-source-salaboy-environment-jx-salaboy-mf47n-k8w7z[0m
{"level":"info","ts":1595330243.0303032,"caller":"git/git.go:105","msg":"Successfully cloned https://github.com/*******/environment-**-*******-staging.git @ master in path /workspace/source"}
{"level":"warn","ts":1595330243.030481,"caller":"git/git.go:152","msg":"Unexpected error: creating symlink: symlink /tekton/home/.ssh /root/.ssh: file exists"}
{"level":"info","ts":1595330243.0696864,"caller":"git/git.go:133","msg":"Successfully initialized and updated submodules in path /workspace/source"}

Showing logs for build [32msalaboy-environment-jx-salaboy-mf47n-1[0m stage [32mfrom-build-pack[0m and container [32mstep-setup-builder-home[0m

Showing logs for build [32msalaboy-environment-jx-salaboy-mf47n-1[0m stage [32mfrom-build-pack[0m and container [32mstep-git-merge[0m
Using SHAs from PULL_REFS=master:2bb8daac53e3aaa129085111fd010ac6e1b1fb9c,2:3c9419a39fdd7144964b24cf082abeb0001a2506
DEBUG: JX_LOG_LEVEL=error LC_ALL=C git fetch origin --unshallow 3c9419a39fdd7144964b24cf082abeb0001a2506: 2bb8daac53e3aaa129085111fd010ac6e1b1fb9c:
DEBUG: ran git fetch --unshallow origin 3c9419a39fdd7144964b24cf082abeb0001a2506: 2bb8daac53e3aaa129085111fd010ac6e1b1fb9c: in 
DEBUG: JX_LOG_LEVEL=error LC_ALL=C git branch
DEBUG: LC_ALL=C JX_LOG_LEVEL=error git checkout master
DEBUG: ran git checkout master in 
DEBUG: LC_ALL=C JX_LOG_LEVEL=error git reset --hard 2bb8daac53e3aaa129085111fd010ac6e1b1fb9c
DEBUG: ran git reset --hard 2bb8daac53e3aaa129085111fd010ac6e1b1fb9c in 
DEBUG: LC_ALL=C JX_LOG_LEVEL=error git clean -fd .
DEBUG: ran clean --force -d . in 
DEBUG: LC_ALL=C JX_LOG_LEVEL=error git merge 3c9419a39fdd7144964b24cf082abeb0001a2506
DEBUG: ran git merge 3c9419a39fdd7144964b24cf082abeb0001a2506 in 
DEBUG: LC_ALL=C JX_LOG_LEVEL=error git log --format=%H%x1f%an%x1f%ae%x1f%cn%x1f%ce%x1f%s%n%b%x1e 2bb8daac53e3aaa129085111fd010ac6e1b1fb9c..HEAD
Merged SHA 3c9419a39fdd7144964b24cf082abeb0001a2506 with commit message 'chore: Promote online-store to version 0.0.2' into base branch master

Showing logs for build [32msalaboy-environment-jx-salaboy-mf47n-1[0m stage [32mfrom-build-pack[0m and container [32mstep-build-helm-build[0m
WARNING: No $CHART_REPOSITORY defined so using the default value of: http://jenkins-x-chartmuseum:8080
Adding missing Helm repo: storage.googleapis.com https://storage.googleapis.com/chartmuseum.jenkins-x.io
Successfully added Helm repository storage.googleapis.com.
Adding missing Helm repo: jenkins-x-chartmuseum http://jenkins-x-chartmuseum:8080
Successfully added Helm repository jenkins-x-chartmuseum.
WARNING: No $CHART_REPOSITORY defined so using the default value of: http://jenkins-x-chartmuseum:8080
Adding missing Helm repo: chartmuseum.jenkins-x.io http://chartmuseum.jenkins-x.io
Successfully added Helm repository chartmuseum.jenkins-x.io.
